Error: This command is not available when running the Angular CLI outside a workspace.
****************************************************************************************
This is a simple server for use in testing or debugging Angular applications locally.
It hasn't been reviewed for security issues.

DON'T USE IT FOR PRODUCTION!
****************************************************************************************
- Generating browser application bundles (phase: setup)...
? Port 4000 is already in use.
Would you like to use a different port? (Y/n) [46D[46C    |      Size
main.js               | main          | 672.93 kB
styles.css, styles.js | styles        | 367.39 kB
polyfills.js          | polyfills     | 187.52 kB
runtime.js            | runtime       |   3.10 kB

| Initial Total |   1.20 MB

Lazy Chunk Files      | Names         |      Size
96.js                 | -             |  40.56 kB
316.js                | -             |  27.12 kB
430.js                | -             |  15.75 kB
344.js                | -             |  12.64 kB
common.js             | common        |   4.40 kB

Build at: 2022-10-04T15:23:34.030Z - Hash: 14528b2d63518bd2af1e - Time: 15176ms

Warning: C:/Users/USER/HyperledgerAries/ACAPy-Controller-Angular/issuer/src/app/models/accept-taa.ts is part of the TypeScript compilation but it's unused.
Add only entry points to the 'files' or 'include' properties in your tsconfig.

Warning: C:/Users/USER/HyperledgerAries/ACAPy-Controller-Angular/issuer/src/app/models/new-proof.ts is part of the TypeScript compilation but it's unused.
Add only entry points to the 'files' or 'include' properties in your tsconfig.

Warning: C:/Users/USER/HyperledgerAries/ACAPy-Controller-Angular/issuer/src/app/models/revoke-credential.ts is part of the TypeScript compilation but it's unused.
Add only entry points to the 'files' or 'include' properties in your tsconfig.

Warning: C:/Users/USER/HyperledgerAries/ACAPy-Controller-Angular/issuer/src/app/models/send-presentation.ts is part of the TypeScript compilation but it's unused.
Add only entry points to the 'files' or 'include' properties in your tsconfig.

Warning: C:/Users/USER/HyperledgerAries/ACAPy-Controller-Angular/issuer/src/environments/environment.prod.ts is part of the TypeScript compilation but it's unused.
Add only entry points to the 'files' or 'include' properties in your tsconfig.

Warning: C:\Users\USER\HyperledgerAries\ACAPy-Controller-Angular\issuer\src\main.ts depends on 'bootstrap'. CommonJS or AMD dependencies can cause optimization bailouts.
For more info see: https://angular.io/guide/build#configuring-commonjs-dependencies

Warning: 3 rules skipped due to selector errors:
  .custom-file-input:lang(en) ~ .custom-file-label -> unmatched pseudo-class :lang
  0% -> Unmatched selector: %
  50% -> Unmatched selector: %



** Angular Live Development Server is listening on localhost:4000, open your browser on http://localhost:4000/ **


√ Compiled successfully.
